<?xml version="1.0" encoding="UTF-8"?>
<testng-results skipped="0" failed="0" total="1" passed="1">
  <reporter-output>
  </reporter-output>
  <suite name="audit.AspectDiffTest" duration-ms="13" started-at="2019-09-03T11:13:13Z" finished-at="2019-09-03T11:13:13Z">
    <groups>
    </groups>
    <test name="Command line test" duration-ms="13" started-at="2019-09-03T11:13:13Z" finished-at="2019-09-03T11:13:13Z">
      <class name="audit.AspectDiffTest">
        <test-method status="PASS" signature="test()" name="test" duration-ms="5" started-at="2019-09-03T11:13:13Z" finished-at="2019-09-03T11:13:13Z">
        </test-method>
      </class>
    </test>
  </suite>
</testng-results>
